Using pre-set license
Built from '2021.1/staging' branch; Version is '2021.1.20f1 (be552157821d) revision 12473633'; Using compiler version '192528614'; Build Type 'Release'
OS: 'Windows 10 Enterprise; OS build 16299.2166; Version 1709; 64bit' Language: 'es' Physical Memory: 16291 MB
BatchMode: 1, IsHumanControllingUs: 0, StartBugReporterOnCrash: 0, Is64bit: 1, IsPro: 0

COMMAND LINE ARGUMENTS:
D:\UNITY PROGRAMA\2021.1.20f1\Editor\Unity.exe
-adb2
-batchMode
-noUpm
-name
AssetImportWorker0
-projectPath
D:/PROYECTO OCULUS VR/ProyectoRV_2021_Oculus
-logFile
Logs/AssetImportWorker0.log
-srvPort
65034
Successfully changed project path to: D:/PROYECTO OCULUS VR/ProyectoRV_2021_Oculus
D:/PROYECTO OCULUS VR/ProyectoRV_2021_Oculus
Using Asset Import Pipeline V2.
Refreshing native plugins compatible for Editor in 177.31 ms, found 6 plugins.
Preloading 1 native plugins for Editor in 2.52 ms.
Initialize engine version: 2021.1.20f1 (be552157821d)
[Subsystems] Discovering subsystems at path D:/UNITY PROGRAMA/2021.1.20f1/Editor/Data/Resources/UnitySubsystems
[Subsystems] Discovering subsystems at path D:/PROYECTO OCULUS VR/ProyectoRV_2021_Oculus/Assets
GfxDevice: creating device client; threaded=0; jobified=0
Direct3D:
    Version:  Direct3D 11.0 [level 11.0]
    Renderer: NVIDIA Quadro K4200 (ID=0x11b4)
    Vendor:   NVIDIA
    VRAM:     4052 MB
    Driver:   26.21.14.4112
Initialize mono
Mono path[0] = 'D:/UNITY PROGRAMA/2021.1.20f1/Editor/Data/Managed'
Mono path[1] = 'D:/UNITY PROGRAMA/2021.1.20f1/Editor/Data/MonoBleedingEdge/lib/mono/unityjit'
Mono config path = 'D:/UNITY PROGRAMA/2021.1.20f1/Editor/Data/MonoBleedingEdge/etc'
Using monoOptions --debugger-agent=transport=dt_socket,embedding=1,server=y,suspend=n,address=127.0.0.1:56940
Begin MonoManager ReloadAssembly
Registering precompiled unity dll's ...
Register platform support module: D:/UNITY PROGRAMA/2021.1.20f1/Editor/Data/PlaybackEngines/WindowsStandaloneSupport/UnityEditor.WindowsStandalone.Extensions.dll
Registered in 0.001278 seconds.
Native extension for WindowsStandalone target not found
Refreshing native plugins compatible for Editor in 206.87 ms, found 6 plugins.
Preloading 1 native plugins for Editor in 0.08 ms.
Mono: successfully reloaded assembly
- Completed reload, in  4.541 seconds
Domain Reload Profiling:
	ReloadAssembly (4542ms)
		BeginReloadAssembly (126ms)
			ExecutionOrderSort (0ms)
			DisableScriptedObjects (0ms)
			BackupInstance (0ms)
			ReleaseScriptingObjects (0ms)
			CreateAndSetChildDomain (1ms)
		EndReloadAssembly (932ms)
			LoadAssemblies (125ms)
			RebuildTransferFunctionScriptingTraits (0ms)
			SetupTypeCache (265ms)
			ReleaseScriptCaches (0ms)
			RebuildScriptCaches (67ms)
			SetupLoadedEditorAssemblies (480ms)
				LogAssemblyErrors (0ms)
				InitializePlatformSupportModulesInManaged (17ms)
				SetLoadedEditorAssemblies (0ms)
				RefreshPlugins (207ms)
				BeforeProcessingInitializeOnLoad (3ms)
				ProcessInitializeOnLoadAttributes (200ms)
				ProcessInitializeOnLoadMethodAttributes (53ms)
				AfterProcessingInitializeOnLoad (0ms)
				EditorAssembliesLoaded (0ms)
			ExecutionOrderSort2 (0ms)
			AwakeInstancesAfterBackupRestoration (0ms)
Platform modules already initialized, skipping
Registering precompiled user dll's ...
Registered in 0.013508 seconds.
Begin MonoManager ReloadAssembly
Symbol file LoadedFromMemory doesn't match image D:\PROYECTO OCULUS VR\ProyectoRV_2021_Oculus\Library\PackageCache\com.unity.visualscripting@1.6.1\Editor\VisualScripting.Core\Dependencies\YamlDotNet\Unity.VisualScripting.YamlDotNet.dll
Symbol file LoadedFromMemory doesn't match image D:\PROYECTO OCULUS VR\ProyectoRV_2021_Oculus\Library\PackageCache\com.unity.visualscripting@1.6.1\Editor\VisualScripting.Core\Dependencies\DotNetZip\Unity.VisualScripting.IonicZip.dll
Native extension for WindowsStandalone target not found
Refreshing native plugins compatible for Editor in 226.86 ms, found 6 plugins.
Preloading 1 native plugins for Editor in 0.07 ms.
System.Reflection.TargetInvocationException: Exception has been thrown by the target of an invocation. ---> System.NullReferenceException: Object reference not set to an instance of an object
  at Unity.XR.Oculus.OculusLoader.AssetPathToAbsolutePath (System.String assetPath) [0x0004c] in D:\PROYECTO OCULUS VR\ProyectoRV_2021_Oculus\Library\PackageCache\com.unity.xr.oculus@1.10.0\Runtime\OculusLoader.cs:250 
  at Unity.XR.Oculus.OculusLoader.EditorLoadOVRPlugin () [0x000b0] in D:\PROYECTO OCULUS VR\ProyectoRV_2021_Oculus\Library\PackageCache\com.unity.xr.oculus@1.10.0\Runtime\OculusLoader.cs:235 
  at (wrapper managed-to-native) System.Reflection.MonoMethod.InternalInvoke(System.Reflection.MonoMethod,object,object[],System.Exception&)
  at System.Reflection.MonoMethod.Invoke (System.Object obj, System.Reflection.BindingFlags invokeAttr, System.Reflection.Binder binder, System.Object[] parameters, System.Globalization.CultureInfo culture) [0x00032] in <695d1cc93cca45069c528c15c9fdd749>:0 
   --- End of inner exception stack trace ---
  at System.Reflection.MonoMethod.Invoke (System.Object obj, System.Reflection.BindingFlags invokeAttr, System.Reflection.Binder binder, System.Object[] parameters, System.Globalization.CultureInfo culture) [0x00048] in <695d1cc93cca45069c528c15c9fdd749>:0 
  at System.Reflection.MethodBase.Invoke (System.Object obj, System.Object[] parameters) [0x00000] in <695d1cc93cca45069c528c15c9fdd749>:0 
  at UnityEditor.EditorAssemblies.ProcessInitializeOnLoadMethodAttributes () [0x00047] in <1c8c981f35e342fb96463e6793772537>:0 
UnityEngine.StackTraceUtility:ExtractStackTrace ()
UnityEngine.DebugLogHandler:LogFormat (UnityEngine.LogType,UnityEngine.Object,string,object[])
UnityEngine.Logger:Log (UnityEngine.LogType,object)
UnityEngine.Debug:LogError (object)
UnityEditor.EditorAssemblies:ProcessInitializeOnLoadMethodAttributes ()

Mono: successfully reloaded assembly
- Completed reload, in  2.624 seconds
Domain Reload Profiling:
	ReloadAssembly (2625ms)
		BeginReloadAssembly (306ms)
			ExecutionOrderSort (0ms)
			DisableScriptedObjects (10ms)
			BackupInstance (0ms)
			ReleaseScriptingObjects (0ms)
			CreateAndSetChildDomain (38ms)
		EndReloadAssembly (2220ms)
			LoadAssemblies (181ms)
			RebuildTransferFunctionScriptingTraits (0ms)
			SetupTypeCache (617ms)
			ReleaseScriptCaches (1ms)
			RebuildScriptCaches (124ms)
			SetupLoadedEditorAssemblies (1135ms)
				LogAssemblyErrors (0ms)
				InitializePlatformSupportModulesInManaged (7ms)
				SetLoadedEditorAssemblies (0ms)
				RefreshPlugins (227ms)
				BeforeProcessingInitializeOnLoad (151ms)
				ProcessInitializeOnLoadAttributes (707ms)
				ProcessInitializeOnLoadMethodAttributes (37ms)
				AfterProcessingInitializeOnLoad (4ms)
				EditorAssembliesLoaded (0ms)
			ExecutionOrderSort2 (0ms)
			AwakeInstancesAfterBackupRestoration (12ms)
Platform modules already initialized, skipping
========================================================================
Worker process is ready to serve import requests
Launched and connected shader compiler UnityShaderCompiler.exe after 0.13 seconds
Refreshing native plugins compatible for Editor in 1.44 ms, found 6 plugins.
Preloading 1 native plugins for Editor in 0.08 ms.
Unloading 3525 Unused Serialized files (Serialized files now loaded: 0)
System memory in use before: 227.7 MB.
System memory in use after: 227.9 MB.

Unloading 23 unused Assets to reduce memory usage. Loaded Objects now: 4004.
Total: 8.276563 ms (FindLiveObjects: 0.609129 ms CreateObjectMapping: 0.430629 ms MarkObjects: 7.198428 ms  DeleteObjects: 0.037039 ms)

AssetImportParameters requested are different than current active one (requested -> active):
  custom:framework-win-MediaFoundation: 216162199b28c13a410421893ffa2e32 -> 
  custom:video-decoder-ogg-theora: a1e56fd34408186e4bbccfd4996cb3dc -> 
  custom:container-muxer-webm: aa71ff27fc2769a1b78a27578f13a17b -> 
  custom:container-demuxer-webm: 4f35f7cbe854078d1ac9338744f61a02 -> 
  custom:container-demuxer-ogg: 62fdf1f143b41e24485cea50d1cbac27 -> 
  custom:video-encoder-webm-vp8: eb34c28f22e8b96e1ab97ce403110664 -> 
  custom:video-codec-MediaFoundation-h265: 746d11721c4dcdbdad8f713fa42b33f4 -> 
  custom:video-decoder-webm-vp8: 9c59270c3fd7afecdb556c50c9e8de78 -> 
  custom:audio-decoder-ogg-vorbis: bf7c407c2cedff20999df2af8eb42d56 -> 
  custom:audio-encoder-webm-vorbis: bf7c407c2cedff20999df2af8eb42d56 -> 
========================================================================
Received Import Request.
  path: Assets/Materials/concreto 1.mat
  artifactKey: Guid(0075b7c136c509a49b5d5f0139a0a3b3) Importer(815301076,1909f56bfc062723c751e8b465ee728b)
Start importing Assets/Materials/concreto 1.mat using Guid(0075b7c136c509a49b5d5f0139a0a3b3) Importer(815301076,1909f56bfc062723c751e8b465ee728b)  -> (artifact id: 'ac3e434488b9ce9baa2ffcd1b532072e') in 0.367639 seconds 
========================================================================
Received Import Request.
  Time since last request: 7.594049 seconds.
  path: Assets/CasaEquipos.prefab
  artifactKey: Guid(c0dd3c89b9df4f1429f5b8f1d826a9fc) Importer(815301076,1909f56bfc062723c751e8b465ee728b)
Start importing Assets/CasaEquipos.prefab using Guid(c0dd3c89b9df4f1429f5b8f1d826a9fc) Importer(815301076,1909f56bfc062723c751e8b465ee728b)  -> (artifact id: '77a487e435b125d566f7c857e018294b') in 2.028965 seconds 
========================================================================
Received Import Request.
  Time since last request: 92.055179 seconds.
  path: Assets/Scenes/Construccion
  artifactKey: Guid(1cb09a43ab0b37a4ca5ceea7589e98fb) Importer(815301076,1909f56bfc062723c751e8b465ee728b)
Start importing Assets/Scenes/Construccion using Guid(1cb09a43ab0b37a4ca5ceea7589e98fb) Importer(815301076,1909f56bfc062723c751e8b465ee728b)  -> (artifact id: 'dbdd4b1b44031d687f5ba3dd7ad2dbe4') in 0.015579 seconds 
========================================================================
Received Import Request.
  Time since last request: 0.060072 seconds.
  path: Assets/Scenes/Construccion/LightingData.asset
  artifactKey: Guid(d90a8feb5ced0f849afc5a81ea6abc6f) Importer(815301076,1909f56bfc062723c751e8b465ee728b)
Start importing Assets/Scenes/Construccion/LightingData.asset using Guid(d90a8feb5ced0f849afc5a81ea6abc6f) Importer(815301076,1909f56bfc062723c751e8b465ee728b)  -> (artifact id: '3f02c4d539152f87c5e68c38cc18a2f3') in 0.059003 seconds 
========================================================================
Received Import Request.
  Time since last request: 0.000405 seconds.
  path: Assets/Scenes/Construccion/Lightmap-0_comp_light.exr
  artifactKey: Guid(29d82d0fd7223a84a8bc479ce19d99ce) Importer(815301076,1909f56bfc062723c751e8b465ee728b)
Start importing Assets/Scenes/Construccion/Lightmap-0_comp_light.exr using Guid(29d82d0fd7223a84a8bc479ce19d99ce) Importer(815301076,1909f56bfc062723c751e8b465ee728b)  -> (artifact id: '77b78a412f861a5497d8b217738ffdf5') in 0.096379 seconds 
========================================================================
Received Import Request.
  Time since last request: 0.000410 seconds.
  path: Assets/Scenes/Construccion/ReflectionProbe-0.exr
  artifactKey: Guid(2fc9f572f54666c41be36d0e71be421f) Importer(815301076,1909f56bfc062723c751e8b465ee728b)
Start importing Assets/Scenes/Construccion/ReflectionProbe-0.exr using Guid(2fc9f572f54666c41be36d0e71be421f) Importer(815301076,1909f56bfc062723c751e8b465ee728b)  -> (artifact id: 'd0b7d92e71ec2db7c6094ae8afeb10aa') in 0.088812 seconds 
========================================================================
Received Import Request.
  Time since last request: 0.000366 seconds.
  path: Assets/Scenes/Construccion/Lightmap-0_comp_dir.png
  artifactKey: Guid(0c09201f46755314183d3425a5e9562c) Importer(815301076,1909f56bfc062723c751e8b465ee728b)
Start importing Assets/Scenes/Construccion/Lightmap-0_comp_dir.png using Guid(0c09201f46755314183d3425a5e9562c) Importer(815301076,1909f56bfc062723c751e8b465ee728b)  -> (artifact id: '681a45ed4bdbcef32b7487e07ef38852') in 0.037992 seconds 
========================================================================
Received Import Request.
  Time since last request: 0.000419 seconds.
  path: Assets/Scenes/Construccion/Lightmap-0_comp_shadowmask.png
  artifactKey: Guid(49a99ec271957164b927a20f1bf1f9ce) Importer(815301076,1909f56bfc062723c751e8b465ee728b)
Start importing Assets/Scenes/Construccion/Lightmap-0_comp_shadowmask.png using Guid(49a99ec271957164b927a20f1bf1f9ce) Importer(815301076,1909f56bfc062723c751e8b465ee728b)  -> (artifact id: '6f6aa4752227413d4dbd8ef18ae10585') in 0.042061 seconds 
========================================================================
Received Import Request.
  Time since last request: 762.511288 seconds.
  path: Assets/scripts/Pregunta.cs
  artifactKey: Guid(c2c41902fadb903488426cad49c0b234) Importer(815301076,1909f56bfc062723c751e8b465ee728b)
Start importing Assets/scripts/Pregunta.cs using Guid(c2c41902fadb903488426cad49c0b234) Importer(815301076,1909f56bfc062723c751e8b465ee728b)  -> (artifact id: 'c16d0e3ca5e31c698db46b1b814aa472') in 0.016841 seconds 
========================================================================
Received Import Request.
  Time since last request: 2.763706 seconds.
  path: Assets/scripts/HandA.cs
  artifactKey: Guid(42c486d13cc7c8d468cd97235ac5c38e) Importer(815301076,1909f56bfc062723c751e8b465ee728b)
Start importing Assets/scripts/HandA.cs using Guid(42c486d13cc7c8d468cd97235ac5c38e) Importer(815301076,1909f56bfc062723c751e8b465ee728b)  -> (artifact id: '71f19220d867e575b6433e828f363f7e') in 0.013565 seconds 
========================================================================
Received Import Request.
  Time since last request: 324.757637 seconds.
  path: Assets/VR Controllers Models/Default Controllers
  artifactKey: Guid(021911be2ef74ac4a8f0d9428a2137d8) Importer(815301076,1909f56bfc062723c751e8b465ee728b)
Start importing Assets/VR Controllers Models/Default Controllers using Guid(021911be2ef74ac4a8f0d9428a2137d8) Importer(815301076,1909f56bfc062723c751e8b465ee728b)  -> (artifact id: '04025c2aeaa8af17000617841eea0b59') in 0.013402 seconds 
========================================================================
Received Import Request.
  Time since last request: 106.980472 seconds.
  path: Assets/VR Controllers Models/Valve Index Controllers/valve-index-controller-right/source/valve_controller_knu_1_0_right_diff.png
  artifactKey: Guid(a5d2ff6cebc887643ba35bc5a67c95c7) Importer(815301076,1909f56bfc062723c751e8b465ee728b)
Start importing Assets/VR Controllers Models/Valve Index Controllers/valve-index-controller-right/source/valve_controller_knu_1_0_right_diff.png using Guid(a5d2ff6cebc887643ba35bc5a67c95c7) Importer(815301076,1909f56bfc062723c751e8b465ee728b)  -> (artifact id: '03565c5fad5ce33278a1a52c8eabe0b5') in 0.344287 seconds 
========================================================================
Received Import Request.
  Time since last request: 0.000325 seconds.
  path: Assets/VR Controllers Models/Valve Index Controllers/valve-index-controller-right/source/valve_controller_knu_1_0_right_spec.png
  artifactKey: Guid(96aea92785aced5438e2fa6545eeba94) Importer(815301076,1909f56bfc062723c751e8b465ee728b)
Start importing Assets/VR Controllers Models/Valve Index Controllers/valve-index-controller-right/source/valve_controller_knu_1_0_right_spec.png using Guid(96aea92785aced5438e2fa6545eeba94) Importer(815301076,1909f56bfc062723c751e8b465ee728b)  -> (artifact id: '1c4776eecdd07a2f89c2d720bf5c04a3') in 0.153307 seconds 
========================================================================
Received Import Request.
  Time since last request: 0.803604 seconds.
  path: Assets/VR Controllers Models/Valve Index Controllers/valve-index-controller-right/textures/valve_controller_knu_1_0_right_diff.png
  artifactKey: Guid(50a5f1ad87dae8849968cd248276c118) Importer(815301076,1909f56bfc062723c751e8b465ee728b)
Start importing Assets/VR Controllers Models/Valve Index Controllers/valve-index-controller-right/textures/valve_controller_knu_1_0_right_diff.png using Guid(50a5f1ad87dae8849968cd248276c118) Importer(815301076,1909f56bfc062723c751e8b465ee728b)  -> (artifact id: '951409ffb7c545db07ba953f1233f4c6') in 0.087614 seconds 
========================================================================
Received Import Request.
  Time since last request: 0.000318 seconds.
  path: Assets/VR Controllers Models/Valve Index Controllers/valve-index-controller-right/textures/valve_controller_knu_1_0_right_spec.png
  artifactKey: Guid(61c8b0e4ddab2e1489b0a3daa8bae98e) Importer(815301076,1909f56bfc062723c751e8b465ee728b)
Start importing Assets/VR Controllers Models/Valve Index Controllers/valve-index-controller-right/textures/valve_controller_knu_1_0_right_spec.png using Guid(61c8b0e4ddab2e1489b0a3daa8bae98e) Importer(815301076,1909f56bfc062723c751e8b465ee728b)  -> (artifact id: '46d716fa6fc5ed7d1f4994ab86f2127f') in 0.097464 seconds 
========================================================================
Received Import Request.
  Time since last request: 6.733371 seconds.
  path: Assets/VR Controllers Models/Vive Controllers/Textures/onepointfive_occ_bake.tga
  artifactKey: Guid(75071a01a7e49c14981957db73825c88) Importer(815301076,1909f56bfc062723c751e8b465ee728b)
Start importing Assets/VR Controllers Models/Vive Controllers/Textures/onepointfive_occ_bake.tga using Guid(75071a01a7e49c14981957db73825c88) Importer(815301076,1909f56bfc062723c751e8b465ee728b)  -> (artifact id: 'ba0e7b9b4344f69214b57db00f889e38') in 0.233680 seconds 
========================================================================
Received Import Request.
  Time since last request: 0.000400 seconds.
  path: Assets/VR Controllers Models/Vive Controllers/Textures/onepointfive_spec.png
  artifactKey: Guid(309ce0a3103b4d8459a30e849cb1d013) Importer(815301076,1909f56bfc062723c751e8b465ee728b)
Start importing Assets/VR Controllers Models/Vive Controllers/Textures/onepointfive_spec.png using Guid(309ce0a3103b4d8459a30e849cb1d013) Importer(815301076,1909f56bfc062723c751e8b465ee728b)  -> (artifact id: 'ba3dbd53ffdf6f99189a3b513028369d') in 0.156692 seconds 
========================================================================
Received Import Request.
  Time since last request: 0.000333 seconds.
  path: Assets/VR Controllers Models/Vive Controllers/Textures/onepointfive_texture.psd
  artifactKey: Guid(e707a5041c96166428d6aaef3e5c6c53) Importer(815301076,1909f56bfc062723c751e8b465ee728b)
Start importing Assets/VR Controllers Models/Vive Controllers/Textures/onepointfive_texture.psd using Guid(e707a5041c96166428d6aaef3e5c6c53) Importer(815301076,1909f56bfc062723c751e8b465ee728b)  -> (artifact id: '8d8fbe6138898d6f945d46375bd20fa6') in 0.188629 seconds 
========================================================================
Received Import Request.
  Time since last request: 74.989844 seconds.
  path: Assets/Models/VR Controllers Models/Valve Index Controllers
  artifactKey: Guid(95775c702c08e41428d6aa22f5c10c10) Importer(815301076,1909f56bfc062723c751e8b465ee728b)
Start importing Assets/Models/VR Controllers Models/Valve Index Controllers using Guid(95775c702c08e41428d6aa22f5c10c10) Importer(815301076,1909f56bfc062723c751e8b465ee728b)  -> (artifact id: '841b891cc87aca9282b232cde4c12574') in 0.010302 seconds 
========================================================================
Received Import Request.
  Time since last request: 303.708148 seconds.
  path: Assets/Scenes/Construccion.unity
  artifactKey: Guid(9fc0d4010bbf28b4594072e72b8655ab) Importer(815301076,1909f56bfc062723c751e8b465ee728b)
Start importing Assets/Scenes/Construccion.unity using Guid(9fc0d4010bbf28b4594072e72b8655ab) Importer(815301076,1909f56bfc062723c751e8b465ee728b)  -> (artifact id: 'c316efcef629fad85d6d0946f577855b') in 0.013129 seconds 
